<?xml version="1.0" encoding="UTF-8"?>
<testsuite xmlns:xsi="http://www.w3.org/2001/XMLSchema-instance" xsi:noNamespaceSchemaLocation="https://maven.apache.org/surefire/maven-surefire-plugin/xsd/surefire-test-report-3.0.xsd" version="3.0" name="io.jenkins.plugins.sample.HelloWorldBuilderTest" time="54.264" tests="5" errors="0" skipped="0" failures="0">
  <properties>
[...]
</properties>
  <testcase name="testBuild" classname="io.jenkins.plugins.sample.HelloWorldBuilderTest" time="1.276"/>
  <testcase name="testConfigRoundtrip" classname="io.jenkins.plugins.sample.HelloWorldBuilderTest" time="25.05"/>
  <testcase name="testConfigRoundtripFrench" classname="io.jenkins.plugins.sample.HelloWorldBuilderTest" time="19.83"/>
  <testcase name="testBuildFrench" classname="io.jenkins.plugins.sample.HelloWorldBuilderTest" time="0.706"/>
  <testcase name="testScriptedPipeline" classname="io.jenkins.plugins.sample.HelloWorldBuilderTest" time="7.399"/>
</testsuite>